
(firefox:590664): Gtk-WARNING **: 16:40:10.102: Locale not supported by C library.
	Using the fallback 'C' locale.

(/usr/lib/firefox/firefox:590774): Gtk-WARNING **: 16:40:10.869: Locale not supported by C library.
	Using the fallback 'C' locale.

(/usr/lib/firefox/firefox:590798): Gtk-WARNING **: 16:40:11.935: Locale not supported by C library.
	Using the fallback 'C' locale.
console.warn: SearchSettings: "get: No settings file exists, new profile?" (new Error("", "(unknown module)"))
1619880012457	Marionette	INFO	Listening on port 33557
1619880012499	Marionette	WARN	TLS certificate errors will be ignored for this session

(/usr/lib/firefox/firefox:590904): Gtk-WARNING **: 16:40:13.183: Locale not supported by C library.
	Using the fallback 'C' locale.

###!!! [Parent][MessageChannel] Error: (msgtype=0x1F0011,name=PBackgroundStorage::Msg_Observe) Channel error: cannot send/recv


###!!! [Parent][MessageChannel] Error: (msgtype=0x1F0011,name=PBackgroundStorage::Msg_Observe) Channel error: cannot send/recv

1619880016934	Marionette	INFO	Stopped listening on port 33557

(firefox:591091): Gtk-WARNING **: 16:40:34.036: Locale not supported by C library.
	Using the fallback 'C' locale.

(/usr/lib/firefox/firefox:591203): Gtk-WARNING **: 16:40:34.825: Locale not supported by C library.
	Using the fallback 'C' locale.

(/usr/lib/firefox/firefox:591230): Gtk-WARNING **: 16:40:35.869: Locale not supported by C library.
	Using the fallback 'C' locale.
console.warn: SearchSettings: "get: No settings file exists, new profile?" (new Error("", "(unknown module)"))
1619880036453	Marionette	INFO	Listening on port 36675
1619880036530	Marionette	WARN	TLS certificate errors will be ignored for this session

(/usr/lib/firefox/firefox:591322): Gtk-WARNING **: 16:40:36.997: Locale not supported by C library.
	Using the fallback 'C' locale.

(/usr/lib/firefox/firefox:591372): Gtk-WARNING **: 16:40:37.450: Locale not supported by C library.
	Using the fallback 'C' locale.
IPDL protocol error: Handler returned error code!

###!!! [Parent][DispatchAsyncMessage] Error: PLayerTransaction::Msg_ReleaseLayer Processing error: message was deserialized, but the handler returned false (indicating failure)

IPDL protocol error: Handler returned error code!

###!!! [Parent][DispatchAsyncMessage] Error: PLayerTransaction::Msg_ReleaseLayer Processing error: message was deserialized, but the handler returned false (indicating failure)

IPDL protocol error: Handler returned error code!

###!!! [Parent][DispatchAsyncMessage] Error: PLayerTransaction::Msg_ReleaseLayer Processing error: message was deserialized, but the handler returned false (indicating failure)

IPDL protocol error: Handler returned error code!

###!!! [Parent][DispatchAsyncMessage] Error: PLayerTransaction::Msg_ReleaseLayer Processing error: message was deserialized, but the handler returned false (indicating failure)

IPDL protocol error: Handler returned error code!

###!!! [Parent][DispatchAsyncMessage] Error: PLayerTransaction::Msg_ReleaseLayer Processing error: message was deserialized, but the handler returned false (indicating failure)

1619880044718	Marionette	INFO	Stopped listening on port 36675

(firefox:591791): Gtk-WARNING **: 16:41:24.423: Locale not supported by C library.
	Using the fallback 'C' locale.

(/usr/lib/firefox/firefox:591895): Gtk-WARNING **: 16:41:25.202: Locale not supported by C library.
	Using the fallback 'C' locale.

(/usr/lib/firefox/firefox:591922): Gtk-WARNING **: 16:41:26.252: Locale not supported by C library.
	Using the fallback 'C' locale.
console.warn: SearchSettings: "get: No settings file exists, new profile?" (new Error("", "(unknown module)"))
1619880086830	Marionette	INFO	Listening on port 32875
1619880086925	Marionette	WARN	TLS certificate errors will be ignored for this session

(/usr/lib/firefox/firefox:592034): Gtk-WARNING **: 16:41:27.361: Locale not supported by C library.
	Using the fallback 'C' locale.

(/usr/lib/firefox/firefox:592057): Gtk-WARNING **: 16:41:27.789: Locale not supported by C library.
	Using the fallback 'C' locale.
Exiting due to channel error.
Exiting due to channel error.
Exiting due to channel error.
Exiting due to channel error.

(firefox:592431): Gtk-WARNING **: 16:42:08.847: Locale not supported by C library.
	Using the fallback 'C' locale.

(/usr/lib/firefox/firefox:592541): Gtk-WARNING **: 16:42:09.581: Locale not supported by C library.
	Using the fallback 'C' locale.

(/usr/lib/firefox/firefox:592569): Gtk-WARNING **: 16:42:10.621: Locale not supported by C library.
	Using the fallback 'C' locale.
console.warn: SearchSettings: "get: No settings file exists, new profile?" (new Error("", "(unknown module)"))
1619880131249	Marionette	INFO	Listening on port 37265
1619880131396	Marionette	WARN	TLS certificate errors will be ignored for this session

(/usr/lib/firefox/firefox:592660): Gtk-WARNING **: 16:42:11.939: Locale not supported by C library.
	Using the fallback 'C' locale.

(/usr/lib/firefox/firefox:592705): Gtk-WARNING **: 16:42:12.345: Locale not supported by C library.
	Using the fallback 'C' locale.
Exiting due to channel error.
Exiting due to channel error.
Exiting due to channel error.
Exiting due to channel error.

(firefox:592909): Gtk-WARNING **: 16:42:25.096: Locale not supported by C library.
	Using the fallback 'C' locale.

(/usr/lib/firefox/firefox:593017): Gtk-WARNING **: 16:42:25.910: Locale not supported by C library.
	Using the fallback 'C' locale.

(/usr/lib/firefox/firefox:593041): Gtk-WARNING **: 16:42:26.953: Locale not supported by C library.
	Using the fallback 'C' locale.
console.warn: SearchSettings: "get: No settings file exists, new profile?" (new Error("", "(unknown module)"))
1619880147491	Marionette	INFO	Listening on port 46065
1619880147590	Marionette	WARN	TLS certificate errors will be ignored for this session

(/usr/lib/firefox/firefox:593143): Gtk-WARNING **: 16:42:28.193: Locale not supported by C library.
	Using the fallback 'C' locale.

(/usr/lib/firefox/firefox:593171): Gtk-WARNING **: 16:42:28.948: Locale not supported by C library.
	Using the fallback 'C' locale.
JavaScript error: resource://gre/actors/PictureInPictureChild.jsm, line 571: TypeError: this.contentWindow is null
JavaScript error: resource://gre/actors/PictureInPictureChild.jsm, line 227: InvalidStateError: JSWindowActorChild.document getter: Cannot access property 'document' after actor 'PictureInPictureToggle' has been destroyed
JavaScript error: resource://gre/actors/PictureInPictureChild.jsm, line 571: TypeError: this.contentWindow is null
JavaScript error: resource://gre/actors/PictureInPictureChild.jsm, line 571: TypeError: this.contentWindow is null
JavaScript error: resource://gre/actors/PictureInPictureChild.jsm, line 571: TypeError: this.contentWindow is null
JavaScript error: resource://gre/actors/PictureInPictureChild.jsm, line 571: TypeError: this.contentWindow is null
JavaScript error: resource://gre/actors/PictureInPictureChild.jsm, line 571: TypeError: this.contentWindow is null
JavaScript error: resource://gre/actors/PictureInPictureChild.jsm, line 571: TypeError: this.contentWindow is null
JavaScript error: resource://gre/actors/PictureInPictureChild.jsm, line 455: TypeError: this.contentWindow is null
JavaScript error: resource://gre/actors/PictureInPictureChild.jsm, line 571: TypeError: this.contentWindow is null
JavaScript error: resource://gre/actors/PictureInPictureChild.jsm, line 571: TypeError: this.contentWindow is null
Exiting due to channel error.
Exiting due to channel error.
Exiting due to channel error.
Exiting due to channel error.
